Task completed

Familiarized with  common python packages and usages:

  requests - https://docs.python-requests.org/en/master/
  parsel - https://parsel.readthedocs.io/en/latest/usage.html
  re - https://www.w3schools.com/python/python_regex.asp
  json - https://www.w3schools.com/python/python_json.asp
  csv - https://docs.python.org/3/library/csv.html
  pymongo - https://pymongo.readthedocs.io/en/stable/tutorial.html
  scrapy - https://docs.scrapy.org/en/latest/intro/tutorial.html
      Request
      FormRequest
      Response
      Shell, inspect_response
      Selector
  selenium - https://selenium-python.readthedocs.io/
  pika - https://pika.readthedocs.io/en/stable/
  logging - https://docs.python.org/3/library/logging.html
  ast
  datetime
  urllib
  time
  xml
  lxml
  base64 - https://docs.python.org/3/library/base64.html
  os
  random
  ftplib
  dropbox
  boto3
  cloudscraper - https://pypi.org/project/cloudscraper/
  js2py
  ipython
