doubts clarification related to task
meeting with lead on the browser basic
refered topic based on browser analysis:
  Inspect - Tabs
  GET & POST request
  PUT, DELETE, HEAD, PATCH, OPTIONS
  Inspect AJAX loaded URLs
  Client side javascript execution
  Request and response headers
  Cookie, session
  User-agent
tassk completeion
assigned another task -flipkart
    Data loading ajax URL
    Request Headers
    Response Headers
    Response cookies
    Request method type
    Response status code
    Inspect and find category name
process of task
